  main.cpp
C:\Dev\Cpp-Study\URender\tgaimage.h(58,59): warning C4244: '=': 'float' - 'unsigned char' dönüşümü; veri kaybı olabilir
C:\Dev\Cpp-Study\URender\main.cpp(29,15): warning C4244: 'başlatılıyor': 'double' - 'int' dönüşümü; veri kaybı olabilir
C:\Dev\Cpp-Study\URender\main.cpp(55,59): warning C4244: 'bağımsız değişken': 'int' - 'T' dönüşümü; veri kaybı olabilir
          with
          [
              T=float
          ]
C:\Dev\Cpp-Study\URender\main.cpp(55,35): warning C4244: 'bağımsız değişken': 'int' - 'T' dönüşümü; veri kaybı olabilir
          with
          [
              T=float
          ]
C:\Dev\Cpp-Study\URender\main.cpp(72,33): warning C4244: 'bağımsız değişken': 'T' - 'int' dönüşümü; veri kaybı olabilir
          with
          [
              T=float
          ]
C:\Dev\Cpp-Study\URender\main.cpp(72,28): warning C4244: 'bağımsız değişken': 'T' - 'int' dönüşümü; veri kaybı olabilir
          with
          [
              T=float
          ]
C:\Dev\Cpp-Study\URender\main.cpp(79,56): warning C4244: 'bağımsız değişken': 'int' - 'T' dönüşümü; veri kaybı olabilir
          with
          [
              T=float
          ]
C:\Dev\Cpp-Study\URender\main.cpp(79,21): warning C4244: 'bağımsız değişken': 'int' - 'T' dönüşümü; veri kaybı olabilir
          with
          [
              T=float
          ]
  URender.vcxproj -> C:\Dev\Cpp-Study\URender\x64\Debug\URender.exe
